Using pre-set license
Built from '2020.3/staging' branch; Version is '2020.3.30f1 (1fb1bf06830e) revision 2077119'; Using compiler version '192528614'; Build Type 'Release'
OS: 'Windows 10  (10.0.19044) 64bit Professional' Language: 'pt' Physical Memory: 7865 MB
BatchMode: 1, IsHumanControllingUs: 0, StartBugReporterOnCrash: 0, Is64bit: 1, IsPro: 0

COMMAND LINE ARGUMENTS:
C:\Program Files\Unity\Hub\Editor\2020.3.30f1\Editor\Unity.exe
-adb2
-batchMode
-noUpm
-name
AssetImportWorker0
-projectPath
D:/GitHub/Aprenda Unity/03 CAW - CARTOON AIR WARFARE
-logFile
Logs/AssetImportWorker0.log
-srvPort
51848
Successfully changed project path to: D:/GitHub/Aprenda Unity/03 CAW - CARTOON AIR WARFARE
D:/GitHub/Aprenda Unity/03 CAW - CARTOON AIR WARFARE
Using Asset Import Pipeline V2.
Refreshing native plugins compatible for Editor in 86.94 ms, found 3 plugins.
Preloading 0 native plugins for Editor in 0.00 ms.
Initialize engine version: 2020.3.30f1 (1fb1bf06830e)
[Subsystems] Discovering subsystems at path C:/Program Files/Unity/Hub/Editor/2020.3.30f1/Editor/Data/Resources/UnitySubsystems
[Subsystems] Discovering subsystems at path D:/GitHub/Aprenda Unity/03 CAW - CARTOON AIR WARFARE/Assets
GfxDevice: creating device client; threaded=0
Direct3D:
    Version:  Direct3D 11.0 [level 11.1]
    Renderer: Intel(R) HD Graphics 4600 (ID=0x412)
    Vendor:   
    VRAM:     2048 MB
    Driver:   20.19.15.5171
Initialize mono
Mono path[0] = 'C:/Program Files/Unity/Hub/Editor/2020.3.30f1/Editor/Data/Managed'
Mono path[1] = 'C:/Program Files/Unity/Hub/Editor/2020.3.30f1/Editor/Data/MonoBleedingEdge/lib/mono/unityjit'
Mono config path = 'C:/Program Files/Unity/Hub/Editor/2020.3.30f1/Editor/Data/MonoBleedingEdge/etc'
Using monoOptions --debugger-agent=transport=dt_socket,embedding=1,server=y,suspend=n,address=127.0.0.1:56196
Begin MonoManager ReloadAssembly
Registering precompiled unity dll's ...
Register platform support module: C:/Program Files/Unity/Hub/Editor/2020.3.30f1/Editor/Data/PlaybackEngines/WebGLSupport/UnityEditor.WebGL.Extensions.dll
Register platform support module: C:/Program Files/Unity/Hub/Editor/2020.3.30f1/Editor/Data/PlaybackEngines/WindowsStandaloneSupport/UnityEditor.WindowsStandalone.Extensions.dll
Registered in 0.005752 seconds.
Native extension for WindowsStandalone target not found
Native extension for WebGL target not found
Refreshing native plugins compatible for Editor in 54.07 ms, found 3 plugins.
Preloading 0 native plugins for Editor in 0.00 ms.
Mono: successfully reloaded assembly
- Completed reload, in  0.807 seconds
Domain Reload Profiling:
	ReloadAssembly (808ms)
		BeginReloadAssembly (109ms)
			ExecutionOrderSort (0ms)
			DisableScriptedObjects (0ms)
			BackupInstance (0ms)
			ReleaseScriptingObjects (0ms)
			CreateAndSetChildDomain (1ms)
		EndReloadAssembly (588ms)
			LoadAssemblies (106ms)
			RebuildTransferFunctionScriptingTraits (0ms)
			SetupTypeCache (203ms)
			ReleaseScriptCaches (0ms)
			RebuildScriptCaches (31ms)
			SetupLoadedEditorAssemblies (215ms)
				LogAssemblyErrors (0ms)
				InitializePlatformSupportModulesInManaged (6ms)
				SetLoadedEditorAssemblies (0ms)
				RefreshPlugins (54ms)
				BeforeProcessingInitializeOnLoad (22ms)
				ProcessInitializeOnLoadAttributes (101ms)
				ProcessInitializeOnLoadMethodAttributes (32ms)
				AfterProcessingInitializeOnLoad (0ms)
				EditorAssembliesLoaded (0ms)
			ExecutionOrderSort2 (0ms)
			AwakeInstancesAfterBackupRestoration (0ms)
Platform modules already initialized, skipping
Registering precompiled user dll's ...
Registered in 0.004280 seconds.
Begin MonoManager ReloadAssembly
Native extension for WindowsStandalone target not found
Native extension for WebGL target not found
Refreshing native plugins compatible for Editor in 47.88 ms, found 3 plugins.
Preloading 0 native plugins for Editor in 0.00 ms.
Mono: successfully reloaded assembly
- Completed reload, in  1.909 seconds
Domain Reload Profiling:
	ReloadAssembly (1910ms)
		BeginReloadAssembly (304ms)
			ExecutionOrderSort (0ms)
			DisableScriptedObjects (6ms)
			BackupInstance (0ms)
			ReleaseScriptingObjects (0ms)
			CreateAndSetChildDomain (36ms)
		EndReloadAssembly (1497ms)
			LoadAssemblies (267ms)
			RebuildTransferFunctionScriptingTraits (0ms)
			SetupTypeCache (647ms)
			ReleaseScriptCaches (1ms)
			RebuildScriptCaches (53ms)
			SetupLoadedEditorAssemblies (450ms)
				LogAssemblyErrors (0ms)
				InitializePlatformSupportModulesInManaged (5ms)
				SetLoadedEditorAssemblies (0ms)
				RefreshPlugins (48ms)
				BeforeProcessingInitializeOnLoad (98ms)
				ProcessInitializeOnLoadAttributes (264ms)
				ProcessInitializeOnLoadMethodAttributes (20ms)
				AfterProcessingInitializeOnLoad (14ms)
				EditorAssembliesLoaded (0ms)
			ExecutionOrderSort2 (0ms)
			AwakeInstancesAfterBackupRestoration (12ms)
Platform modules already initialized, skipping
========================================================================
Worker process is ready to serve import requests
Launched and connected shader compiler UnityShaderCompiler.exe after 0.08 seconds
Refreshing native plugins compatible for Editor in 0.92 ms, found 3 plugins.
Preloading 0 native plugins for Editor in 0.00 ms.
Unloading 2203 Unused Serialized files (Serialized files now loaded: 0)
System memory in use before: 96.1 MB.
System memory in use after: 96.2 MB.

Unloading 25 unused Assets to reduce memory usage. Loaded Objects now: 2640.
Total: 4.427100 ms (FindLiveObjects: 0.385400 ms CreateObjectMapping: 0.347600 ms MarkObjects: 3.608300 ms  DeleteObjects: 0.084500 ms)

AssetImportParameters requested are different than current active one (requested -> active):
  custom:framework-win-MediaFoundation: 216162199b28c13a410421893ffa2e32 -> 
  custom:video-decoder-ogg-theora: a1e56fd34408186e4bbccfd4996cb3dc -> 
  custom:container-muxer-webm: aa71ff27fc2769a1b78a27578f13a17b -> 
  custom:container-demuxer-webm: 4f35f7cbe854078d1ac9338744f61a02 -> 
  custom:container-demuxer-ogg: 62fdf1f143b41e24485cea50d1cbac27 -> 
  custom:video-encoder-webm-vp8: eb34c28f22e8b96e1ab97ce403110664 -> 
  custom:video-decoder-webm-vp8: 9c59270c3fd7afecdb556c50c9e8de78 -> 
  custom:audio-decoder-ogg-vorbis: bf7c407c2cedff20999df2af8eb42d56 -> 
  custom:audio-encoder-webm-vorbis: bf7c407c2cedff20999df2af8eb42d56 -> 
========================================================================
Received Import Request.
  path: Assets/Scripts/IAEnemyA.cs
  artifactKey: Guid(c136143bca3b8ae4d991a00335ffc736) Importer(815301076,1909f56bfc062723c751e8b465ee728b)
Start importing Assets/Scripts/IAEnemyA.cs using Guid(c136143bca3b8ae4d991a00335ffc736) Importer(815301076,1909f56bfc062723c751e8b465ee728b)  -> (artifact id: 'd0387a6e3ab2e0f8ecfc48d82708d27c') in 0.096729 seconds 
========================================================================
Received Import Request.
  Time since last request: 167.971141 seconds.
  path: Assets/Prefab/Explosion.prefab
  artifactKey: Guid(10e2252a9055e6d44aaf52dbeee00d1c) Importer(815301076,1909f56bfc062723c751e8b465ee728b)
Start importing Assets/Prefab/Explosion.prefab using Guid(10e2252a9055e6d44aaf52dbeee00d1c) Importer(815301076,1909f56bfc062723c751e8b465ee728b)  -> (artifact id: '6703ededd596f311103f1f2ee4e1e564') in 0.063904 seconds 
========================================================================
Received Import Request.
  Time since last request: 4.010096 seconds.
  path: Assets/Prefab/GreenShirt.prefab
  artifactKey: Guid(832112085c653bf41a5a379468b8ea88) Importer(815301076,1909f56bfc062723c751e8b465ee728b)
Start importing Assets/Prefab/GreenShirt.prefab using Guid(832112085c653bf41a5a379468b8ea88) Importer(815301076,1909f56bfc062723c751e8b465ee728b)  -> (artifact id: 'dafbb275297116fba96b5d7bfe5bd5a0') in 0.166950 seconds 
========================================================================
Received Import Request.
  Time since last request: 0.705536 seconds.
  path: Assets/Prefab/GreenShirt.prefab
  artifactKey: Guid(832112085c653bf41a5a379468b8ea88) Importer(815301076,1909f56bfc062723c751e8b465ee728b)
Start importing Assets/Prefab/GreenShirt.prefab using Guid(832112085c653bf41a5a379468b8ea88) Importer(815301076,1909f56bfc062723c751e8b465ee728b)  -> (artifact id: 'e781181adda4f43d7d1f7d2fe3dbb42b') in 0.024904 seconds 
========================================================================
Received Import Request.
  Time since last request: 2.442717 seconds.
  path: Assets/Prefab/HealthBox.prefab
  artifactKey: Guid(f0c6e9aaf6fba56479d4af52fcdf49af) Importer(815301076,1909f56bfc062723c751e8b465ee728b)
Start importing Assets/Prefab/HealthBox.prefab using Guid(f0c6e9aaf6fba56479d4af52fcdf49af) Importer(815301076,1909f56bfc062723c751e8b465ee728b)  -> (artifact id: 'e1ca04e8e2e931a45acdddcd87803908') in 0.047309 seconds 
========================================================================
Received Import Request.
  Time since last request: 1.561867 seconds.
  path: Assets/Prefab/RedShirt.prefab
  artifactKey: Guid(fc5cd1a1867b54d448c873d2a6d78aad) Importer(815301076,1909f56bfc062723c751e8b465ee728b)
Start importing Assets/Prefab/RedShirt.prefab using Guid(fc5cd1a1867b54d448c873d2a6d78aad) Importer(815301076,1909f56bfc062723c751e8b465ee728b)  -> (artifact id: '9f172be4d9ac2949c8fee2e3c3c3e34e') in 0.041009 seconds 
========================================================================
Received Import Request.
  Time since last request: 1.556312 seconds.
  path: Assets/Prefab/RedShirt.prefab
  artifactKey: Guid(fc5cd1a1867b54d448c873d2a6d78aad) Importer(815301076,1909f56bfc062723c751e8b465ee728b)
Start importing Assets/Prefab/RedShirt.prefab using Guid(fc5cd1a1867b54d448c873d2a6d78aad) Importer(815301076,1909f56bfc062723c751e8b465ee728b)  -> (artifact id: 'ce6393edb9abde45f5dfd559ce802733') in 0.024018 seconds 
========================================================================
Received Import Request.
  Time since last request: 1.534820 seconds.
  path: Assets/Prefab/CoinBox.prefab
  artifactKey: Guid(c48b465e2df8cb04a88fe6b623bc4382) Importer(815301076,1909f56bfc062723c751e8b465ee728b)
Start importing Assets/Prefab/CoinBox.prefab using Guid(c48b465e2df8cb04a88fe6b623bc4382) Importer(815301076,1909f56bfc062723c751e8b465ee728b)  -> (artifact id: 'e3baea221ece9e9fe2caa79f02c86d84') in 0.027305 seconds 
========================================================================
Received Import Request.
  Time since last request: 0.921531 seconds.
  path: Assets/Prefab/CoinBox.prefab
  artifactKey: Guid(c48b465e2df8cb04a88fe6b623bc4382) Importer(815301076,1909f56bfc062723c751e8b465ee728b)
Start importing Assets/Prefab/CoinBox.prefab using Guid(c48b465e2df8cb04a88fe6b623bc4382) Importer(815301076,1909f56bfc062723c751e8b465ee728b)  -> (artifact id: '63549b5292973a9a1848cae795cb5b02') in 0.044368 seconds 
========================================================================
Received Import Request.
  Time since last request: 1.280575 seconds.
  path: Assets/Prefab/BombBox.prefab
  artifactKey: Guid(1342c4af558e739418fb8390459418b4) Importer(815301076,1909f56bfc062723c751e8b465ee728b)
Start importing Assets/Prefab/BombBox.prefab using Guid(1342c4af558e739418fb8390459418b4) Importer(815301076,1909f56bfc062723c751e8b465ee728b)  -> (artifact id: 'f8bcf23531d4888bf118de3ee2a0e889') in 0.039571 seconds 
========================================================================
Received Import Request.
  Time since last request: 1.558064 seconds.
  path: Assets/Prefab/BombBox.prefab
  artifactKey: Guid(1342c4af558e739418fb8390459418b4) Importer(815301076,1909f56bfc062723c751e8b465ee728b)
Start importing Assets/Prefab/BombBox.prefab using Guid(1342c4af558e739418fb8390459418b4) Importer(815301076,1909f56bfc062723c751e8b465ee728b)  -> (artifact id: 'cb824a8483a4a9852029ef5861b52457') in 0.033290 seconds 
========================================================================
Received Import Request.
  Time since last request: 1.501317 seconds.
  path: Assets/Prefab/BlueShirt.prefab
  artifactKey: Guid(25c454d4df1530d4e88be142891092a1) Importer(815301076,1909f56bfc062723c751e8b465ee728b)
Start importing Assets/Prefab/BlueShirt.prefab using Guid(25c454d4df1530d4e88be142891092a1) Importer(815301076,1909f56bfc062723c751e8b465ee728b)  -> (artifact id: '052b6d40f99354c7a4bd092a776c896d') in 0.034973 seconds 
========================================================================
Received Import Request.
  Time since last request: 0.968350 seconds.
  path: Assets/Prefab/BlueShirt.prefab
  artifactKey: Guid(25c454d4df1530d4e88be142891092a1) Importer(815301076,1909f56bfc062723c751e8b465ee728b)
Start importing Assets/Prefab/BlueShirt.prefab using Guid(25c454d4df1530d4e88be142891092a1) Importer(815301076,1909f56bfc062723c751e8b465ee728b)  -> (artifact id: 'ca68fbaa63739ae588b0c50683d4d868') in 0.027624 seconds 
========================================================================
Received Import Request.
  Time since last request: 1.730602 seconds.
  path: Assets/Prefab/01_Bullet_enemy.prefab
  artifactKey: Guid(b584528face33734ab4cc67d23d92e5b) Importer(815301076,1909f56bfc062723c751e8b465ee728b)
Start importing Assets/Prefab/01_Bullet_enemy.prefab using Guid(b584528face33734ab4cc67d23d92e5b) Importer(815301076,1909f56bfc062723c751e8b465ee728b)  -> (artifact id: '4641089a4f4777133ed818436f476548') in 0.033046 seconds 
========================================================================
Received Import Request.
  Time since last request: 1.224405 seconds.
  path: Assets/Prefab/01_Bullet_enemy.prefab
  artifactKey: Guid(b584528face33734ab4cc67d23d92e5b) Importer(815301076,1909f56bfc062723c751e8b465ee728b)
Start importing Assets/Prefab/01_Bullet_enemy.prefab using Guid(b584528face33734ab4cc67d23d92e5b) Importer(815301076,1909f56bfc062723c751e8b465ee728b)  -> (artifact id: 'f8373ca6fa4ad415b794c56323e9270e') in 0.024954 seconds 
========================================================================
Received Import Request.
  Time since last request: 3.330960 seconds.
  path: Assets/Prefab/01_Bullet.prefab
  artifactKey: Guid(88d8bf228dd48184fb16690f2b6f260a) Importer(815301076,1909f56bfc062723c751e8b465ee728b)
Start importing Assets/Prefab/01_Bullet.prefab using Guid(88d8bf228dd48184fb16690f2b6f260a) Importer(815301076,1909f56bfc062723c751e8b465ee728b)  -> (artifact id: '07fa746cab5bff65173ceca88e402a4f') in 0.024821 seconds 
========================================================================
Received Import Request.
  Time since last request: 1510.835952 seconds.
  path: Assets/Prefab/Explosion.prefab
  artifactKey: Guid(10e2252a9055e6d44aaf52dbeee00d1c) Importer(815301076,1909f56bfc062723c751e8b465ee728b)
Start importing Assets/Prefab/Explosion.prefab using Guid(10e2252a9055e6d44aaf52dbeee00d1c) Importer(815301076,1909f56bfc062723c751e8b465ee728b)  -> (artifact id: '9e063098ef8cd94db41fa035fd36f839') in 0.012528 seconds 
========================================================================
Received Prepare
Registering precompiled user dll's ...
Registered in 0.009466 seconds.
Begin MonoManager ReloadAssembly
Native extension for WindowsStandalone target not found
Native extension for WebGL target not found
Refreshing native plugins compatible for Editor in 0.74 ms, found 3 plugins.
Preloading 0 native plugins for Editor in 0.00 ms.
Mono: successfully reloaded assembly
- Completed reload, in  1.537 seconds
Domain Reload Profiling:
	ReloadAssembly (1539ms)
		BeginReloadAssembly (318ms)
			ExecutionOrderSort (0ms)
			DisableScriptedObjects (20ms)
			BackupInstance (0ms)
			ReleaseScriptingObjects (0ms)
			CreateAndSetChildDomain (126ms)
		EndReloadAssembly (1132ms)
			LoadAssemblies (205ms)
			RebuildTransferFunctionScriptingTraits (0ms)
			SetupTypeCache (393ms)
			ReleaseScriptCaches (1ms)
			RebuildScriptCaches (62ms)
			SetupLoadedEditorAssemblies (413ms)
				LogAssemblyErrors (0ms)
				InitializePlatformSupportModulesInManaged (11ms)
				SetLoadedEditorAssemblies (1ms)
				RefreshPlugins (1ms)
				BeforeProcessingInitializeOnLoad (112ms)
				ProcessInitializeOnLoadAttributes (248ms)
				ProcessInitializeOnLoadMethodAttributes (18ms)
				AfterProcessingInitializeOnLoad (22ms)
				EditorAssembliesLoaded (0ms)
			ExecutionOrderSort2 (0ms)
			AwakeInstancesAfterBackupRestoration (11ms)
Platform modules already initialized, skipping
Refreshing native plugins compatible for Editor in 0.70 ms, found 3 plugins.
Preloading 0 native plugins for Editor in 0.00 ms.
Unloading 2192 Unused Serialized files (Serialized files now loaded: 0)
System memory in use before: 98.6 MB.
System memory in use after: 98.7 MB.

Unloading 14 unused Assets to reduce memory usage. Loaded Objects now: 2649.
Total: 3.500700 ms (FindLiveObjects: 0.203600 ms CreateObjectMapping: 0.088700 ms MarkObjects: 3.166500 ms  DeleteObjects: 0.041000 ms)

AssetImportParameters requested are different than current active one (requested -> active):
  custom:framework-win-MediaFoundation: 216162199b28c13a410421893ffa2e32 -> 
  custom:video-decoder-ogg-theora: a1e56fd34408186e4bbccfd4996cb3dc -> 
  custom:container-muxer-webm: aa71ff27fc2769a1b78a27578f13a17b -> 
  custom:container-demuxer-webm: 4f35f7cbe854078d1ac9338744f61a02 -> 
  custom:container-demuxer-ogg: 62fdf1f143b41e24485cea50d1cbac27 -> 
  custom:video-encoder-webm-vp8: eb34c28f22e8b96e1ab97ce403110664 -> 
  custom:video-decoder-webm-vp8: 9c59270c3fd7afecdb556c50c9e8de78 -> 
  custom:audio-decoder-ogg-vorbis: bf7c407c2cedff20999df2af8eb42d56 -> 
  custom:audio-encoder-webm-vorbis: bf7c407c2cedff20999df2af8eb42d56 -> 
AssetImportWorkerClient::OnTransportError - code=2 error=End of file
